Program Name: Hello

Graph 0:


                                                                                                                                                                   |
                                                                                                                                                                   |
                                                                                                                                                                   |
                                                                                                                                                            [Routine Head]
                                                                                                                                                                   |
                |-------------------------------------------------------------------------|--------------------------------------------------------------------------------------------------------------------------------------------------|
                |                                                                         |                                                                                                                                                  |
          [const part]                                                                [Function]                                                                                                                                        [Procedure]
                |                                                                         |                                                                                                                                                  |
         |---------------|                                     |---------------------------------------------------------|                                           |----------------------------------------------------------------------------------------|
         |               |                                     |                                                         |                                           |                                                                                        |
        [=]             [=]                               function:go                                               [subroutine]                              procedure:hello                                                                           [subroutine]
         |               |                                     |                                                         |                                           |                                                                                        |
   |--------|        |------|                              |------------------------------|                              |                                           |                                                                                        |
   |        |        |      |                              |                              |                              |                                           |                                                                                        |
 id(pi) c(3.14159) id(T) c(true)                      [para list]                       string                     [Routine Body]                               [para list]                                                                            [Routine Body]
                                                           |                                                             |                                           |                                                                                        |
                                             |----------------------------------|                                        |                                   |----------------|                                                                               |
                                             |                   |              |                                        |                                   |                |                                                                               |
                                          [Value]             [Value]       [Variant]                                <Down to>                            [Value]          [Value]                                                                            ;
                                             |                   |              |                                        |                                   |                |                                                                               |
                                    |------|-----------|     |-------|     |------|              |----|-----|---------------------|                    |-----------|     |-------|                                            |-----------------------------------------------------------------------|
                                    |      |     |     |     |       |     |      |              |    |     |                     |                    |     |     |     |       |                                            |                                                                       |
                                 integer id(a) id(b) id(c) string id(str) real id(temp)        id(i) c(1)  [-]                  [:=]                  real id(a) id(b) string id(temp)                                        ;                                                                    [Label]
                                                                                                            |                     |                                                                                           |                                                                       |
                                                                                                            |     |------------------|                                                                       |---------------------------------------|                   |-------------------------------|
                                                                                                            |     |                  |                                                                       |                                       |                   |                               |
                                                                                                          c(10) id(x)               [/]                                                                   [Label]                             [Sys procedure]          c(40)                             ;
                                                                                                                                     |                                                                       |                                       |                                                   |
                                                                                                                           |---------------|                                             |----------------------|                          |---------------|                              |----------------------------|
                                                                                                                           |               |                                             |                      |                          |               |                              |                            |
                                                                                                                          [*]             [+]                                          c(30)               [Procedure]                id(writeln)        [and]                     [Sys procedure]                   [:=]
                                                                                                                           |               |                                                                    |                                          |                              |                            |
                                                                                                                        |-----|    |---------|                                                   |-------|----|-----------------|                   |---------|                  |-------------|            |--------------|
                                                                                                                        |     |    |         |                                                   |       |    |       |         |                   |         |                  |             |            |              |
                                                                                                                      id(x) id(x) c(1)      [*]                                              id(print) id(a) c(1) c(1.2412) id(Hello)             [not]     [not]            id(write)       [not]       id(temp)    [Sys Function]
                                                                                                                                             |                                                                                                      |         |                                |                           |
                                                                                                                                         |------|                                                                                                   |         |                                |                     |-------------|
                                                                                                                                         |      |                                                                                                   |         |                                |                     |       |     |
                                                                                                                                       id(x) c(4.124)                                                                                             id(a)      [or]                      c("Hello World!")          id(sqrt) c(40) c(50)
                                                                                                                                                                                                                                                              |
                                                                                                                                                                                                                                                           |-------|
                                                                                                                                                                                                                                                           |       |
                                                                                                                                                                                                                                                        c(1.323) id(c)
